2023-01-05 20:25:01 - INFO - [FileProcessing.get_file_list] start...
2023-01-05 20:25:01 - INFO - [FileProcessing.get_file_list] msg : total paths=0 
2023-01-05 20:25:01 - INFO - [FileProcessing.get_file_list] end.
2023-01-05 20:26:18 - INFO - [FileProcessing.get_file_list] start...
2023-01-05 20:26:18 - INFO - [FileProcessing.get_file_list] msg : total paths=0 
2023-01-05 20:26:18 - INFO - [FileProcessing.get_file_list] end.
2023-01-05 20:27:11 - INFO - [FileProcessing.get_file_list] start...
2023-01-05 20:27:11 - INFO - [FileProcessing.get_file_list] msg : total paths=0 
2023-01-05 20:27:11 - INFO - [FileProcessing.get_file_list] end.
2023-01-05 20:28:33 - INFO - [FileProcessing.get_file_list] start...
2023-01-05 20:28:33 - INFO - [FileProcessing.get_file_list] msg : total paths=0 
2023-01-05 20:28:33 - INFO - [FileProcessing.get_file_list] end.
2023-01-05 20:29:17 - INFO - [FileProcessing.get_file_list] start...
2023-01-05 20:29:17 - INFO - [FileProcessing.get_file_list] msg : total paths=0 
2023-01-05 20:29:17 - INFO - [FileProcessing.get_file_list] end.
2023-01-05 20:31:46 - INFO - [FileProcessing.get_file_list] start...
2023-01-05 20:31:46 - INFO - [FileProcessing.get_file_list] msg : total paths=0 
2023-01-05 20:31:46 - INFO - [FileProcessing.get_file_list] end.
2023-01-05 20:32:25 - INFO - [FileProcessing.get_file_list] start...
2023-01-05 20:32:25 - INFO - [FileProcessing.get_file_list] msg : total paths=0 
2023-01-05 20:32:25 - INFO - [FileProcessing.get_file_list] end.
2023-01-05 20:32:50 - INFO - [FileProcessing.get_file_list] start...
2023-01-05 20:32:50 - INFO - [FileProcessing.get_file_list] msg : total paths=0 
2023-01-05 20:32:50 - INFO - [FileProcessing.get_file_list] end.
2023-01-05 20:37:20 - INFO - [FileProcessing.get_file_list] start...
2023-01-05 20:37:20 - INFO - [FileProcessing.get_file_list] msg : total paths=0 
2023-01-05 20:37:20 - INFO - [FileProcessing.get_file_list] end.
2023-01-05 20:38:32 - INFO - [FileProcessing.get_file_list] start...
2023-01-05 20:38:32 - INFO - [FileProcessing.get_file_list] msg : total paths=0 
2023-01-05 20:38:32 - INFO - [FileProcessing.get_file_list] end.
2023-01-05 20:38:42 - INFO - [FileProcessing.get_file_list] start...
2023-01-05 20:38:42 - INFO - [FileProcessing.get_file_list] msg : total paths=0 
2023-01-05 20:38:42 - INFO - [FileProcessing.get_file_list] end.
2023-01-05 20:39:05 - INFO - [FileProcessing.get_file_list] start...
2023-01-05 20:39:05 - INFO - [FileProcessing.get_file_list] msg : total paths=0 
2023-01-05 20:39:05 - INFO - [FileProcessing.get_file_list] end.
2023-01-05 20:39:44 - INFO - [FileProcessing.get_file_list] start...
2023-01-05 20:39:44 - INFO - [FileProcessing.get_file_list] msg : total paths=0 
2023-01-05 20:39:44 - INFO - [FileProcessing.get_file_list] end.
2023-01-05 20:44:01 - INFO - [FileProcessing.get_file_list] start...
2023-01-05 20:44:01 - INFO - [FileProcessing.get_file_list] msg : total paths=0 
2023-01-05 20:44:01 - INFO - [FileProcessing.get_file_list] end.
2023-01-05 20:45:41 - INFO - [FileProcessing.get_file_list] start...
2023-01-05 20:45:41 - INFO - [FileProcessing.get_file_list] msg : total paths=0 
2023-01-05 20:45:41 - INFO - [FileProcessing.get_file_list] end.
2023-01-05 20:46:26 - INFO - [FileProcessing.get_file_list] start...
2023-01-05 20:46:26 - INFO - [FileProcessing.get_file_list] msg : total paths=0 
2023-01-05 20:46:26 - INFO - [FileProcessing.get_file_list] end.
2023-01-05 20:46:41 - INFO - [FileProcessing.get_file_list] start...
2023-01-05 20:46:41 - INFO - [FileProcessing.get_file_list] msg : total paths=0 
2023-01-05 20:46:41 - INFO - [FileProcessing.get_file_list] end.
2023-01-05 20:46:53 - INFO - [FileProcessing.get_file_list] start...
2023-01-05 20:46:53 - INFO - [FileProcessing.get_file_list] msg : total paths=0 
2023-01-05 20:46:53 - INFO - [FileProcessing.get_file_list] end.
2023-01-05 20:47:34 - INFO - [FileProcessing.get_file_list] start...
2023-01-05 20:47:34 - INFO - [FileProcessing.get_file_list] msg : total paths=0 
2023-01-05 20:47:34 - INFO - [FileProcessing.get_file_list] end.
2023-01-05 20:48:54 - INFO - [FileProcessing.get_file_list] start...
2023-01-05 20:48:54 - INFO - [FileProcessing.get_file_list] msg : total paths=0 
2023-01-05 20:48:54 - INFO - [FileProcessing.get_file_list] end.
2023-01-05 20:49:20 - INFO - [FileProcessing.get_file_list] start...
2023-01-05 20:49:20 - INFO - [FileProcessing.get_file_list] msg : total paths=0 
2023-01-05 20:49:20 - INFO - [FileProcessing.get_file_list] end.
2023-01-05 20:49:32 - INFO - [FileProcessing.get_file_list] start...
2023-01-05 20:49:32 - INFO - [FileProcessing.get_file_list] msg : total paths=0 
2023-01-05 20:49:32 - INFO - [FileProcessing.get_file_list] end.
2023-01-05 20:49:45 - INFO - [FileProcessing.get_file_list] start...
2023-01-05 20:49:45 - INFO - [FileProcessing.get_file_list] msg : total paths=0 
2023-01-05 20:49:45 - INFO - [FileProcessing.get_file_list] end.
2023-01-05 20:50:23 - INFO - [FileProcessing.get_file_list] start...
2023-01-05 20:50:23 - INFO - [FileProcessing.get_file_list] msg : total paths=0 
2023-01-05 20:50:23 - INFO - [FileProcessing.get_file_list] end.
2023-01-05 20:50:54 - INFO - [FileProcessing.get_file_list] start...
2023-01-05 20:50:54 - INFO - [FileProcessing.get_file_list] msg : total paths=0 
2023-01-05 20:50:54 - INFO - [FileProcessing.get_file_list] end.
2023-01-05 20:51:08 - INFO - [FileProcessing.get_file_list] start...
2023-01-05 20:51:08 - INFO - [FileProcessing.get_file_list] msg : total paths=0 
2023-01-05 20:51:08 - INFO - [FileProcessing.get_file_list] end.
2023-01-05 20:51:22 - INFO - [FileProcessing.get_file_list] start...
2023-01-05 20:51:22 - INFO - [FileProcessing.get_file_list] msg : total paths=0 
2023-01-05 20:51:22 - INFO - [FileProcessing.get_file_list] end.
2023-01-05 20:52:06 - INFO - [FileProcessing.get_file_list] start...
2023-01-05 20:52:06 - INFO - [FileProcessing.get_file_list] msg : total paths=0 
2023-01-05 20:52:06 - INFO - [FileProcessing.get_file_list] end.
2023-01-05 20:52:19 - INFO - [FileProcessing.get_file_list] start...
2023-01-05 20:52:19 - INFO - [FileProcessing.get_file_list] msg : total paths=0 
2023-01-05 20:52:19 - INFO - [FileProcessing.get_file_list] end.
2023-01-05 20:52:59 - INFO - [FileProcessing.get_file_list] start...
2023-01-05 20:52:59 - INFO - [FileProcessing.get_file_list] msg : total paths=0 
2023-01-05 20:52:59 - INFO - [FileProcessing.get_file_list] end.
2023-01-05 20:53:31 - INFO - [FileProcessing.get_file_list] start...
2023-01-05 20:53:31 - INFO - [FileProcessing.get_file_list] msg : total paths=0 
2023-01-05 20:53:31 - INFO - [FileProcessing.get_file_list] end.
2023-01-05 20:53:44 - INFO - [FileProcessing.get_file_list] start...
2023-01-05 20:53:44 - INFO - [FileProcessing.get_file_list] msg : total paths=0 
2023-01-05 20:53:44 - INFO - [FileProcessing.get_file_list] end.
2023-01-05 20:54:16 - INFO - [FileProcessing.get_file_list] start...
2023-01-05 20:54:16 - INFO - [FileProcessing.get_file_list] msg : total paths=1 
2023-01-05 20:54:16 - INFO - [FileProcessing.get_file_list] end.
2023-01-05 20:57:12 - INFO - [FileProcessing.get_file_list] start...
2023-01-05 20:57:12 - INFO - [FileProcessing.get_file_list] msg : total paths=1 
2023-01-05 20:57:12 - INFO - [FileProcessing.get_file_list] end.
2023-01-05 21:00:23 - INFO - [FileProcessing.get_file_list] start...
2023-01-05 21:00:23 - INFO - [FileProcessing.get_file_list] msg : total paths=1 
2023-01-05 21:00:23 - INFO - [FileProcessing.get_file_list] end.
2023-01-05 21:06:24 - INFO - [FileProcessing.get_file_list] start...
2023-01-05 21:06:24 - INFO - [FileProcessing.get_file_list] msg : total paths=1 
2023-01-05 21:06:24 - INFO - [FileProcessing.get_file_list] end.
2023-01-05 21:06:53 - INFO - [FileProcessing.get_file_list] start...
2023-01-05 21:06:53 - INFO - [FileProcessing.get_file_list] msg : total paths=0 
2023-01-05 21:06:53 - INFO - [FileProcessing.get_file_list] end.
2023-01-05 21:07:37 - INFO - [FileProcessing.get_file_list] start...
2023-01-05 21:07:37 - INFO - [FileProcessing.get_file_list] msg : total paths=1 
2023-01-05 21:07:37 - INFO - [FileProcessing.get_file_list] end.
2023-01-05 21:10:56 - INFO - [FileProcessing.get_file_list] start...
2023-01-05 21:10:56 - INFO - [FileProcessing.get_file_list] msg : total paths=1 
2023-01-05 21:10:56 - INFO - [FileProcessing.get_file_list] end.
2023-01-05 21:11:15 - INFO - [FileProcessing.get_file_list] start...
2023-01-05 21:11:15 - INFO - [FileProcessing.get_file_list] msg : total paths=1 
2023-01-05 21:11:15 - INFO - [FileProcessing.get_file_list] end.
2023-01-05 21:45:57 - INFO - [FileProcessing.get_file_list] start...
2023-01-05 21:45:57 - INFO - [FileProcessing.get_file_list] msg : total paths(py)=1 
2023-01-05 21:45:57 - INFO - [FileProcessing.get_file_list] end.
2023-01-05 21:46:46 - INFO - [FileProcessing.file_transfer_with_frac] start...
2023-01-05 21:46:46 - INFO - [FileProcessing.get_file_list] start...
2023-01-05 21:46:46 - INFO - [FileProcessing.get_file_list] msg : total paths(jpg)=0 
2023-01-05 21:46:46 - INFO - [FileProcessing.get_file_list] end.
2023-01-05 21:46:46 - WARNING - [FileProcessing.get_file_list] "/Users/hsienhuang/Desktop/python/toolbox_api/application/utils/FileProcessing.py", line 29, in file_transfer_with_frac: [TypeError] object of type 'NoneType' has no len()
2023-01-05 21:46:46 - INFO - [FileProcessing.get_file_list] end.
2023-01-05 21:50:02 - INFO - [FileProcessing.get_file_list] start...
2023-01-05 21:50:02 - INFO - [FileProcessing.get_file_list] msg : total paths(py)=1 
2023-01-05 21:50:02 - INFO - [FileProcessing.get_file_list] end.
2023-01-05 21:50:06 - INFO - [FileProcessing.file_transfer_with_frac] start...
2023-01-05 21:50:06 - INFO - [FileProcessing.get_file_list] start...
2023-01-05 21:50:06 - INFO - [FileProcessing.get_file_list] msg : total paths(jpg)=0 
2023-01-05 21:50:06 - INFO - [FileProcessing.get_file_list] end.
2023-01-05 21:50:06 - WARNING - [FileProcessing.get_file_list] "/Users/hsienhuang/Desktop/python/toolbox_api/application/utils/FileProcessing.py", line 29, in file_transfer_with_frac: [TypeError] object of type 'NoneType' has no len()
2023-01-05 21:50:06 - INFO - [FileProcessing.get_file_list] end.
2023-01-05 21:52:36 - INFO - [FileProcessing.file_transfer_with_frac] start...
2023-01-05 21:52:36 - INFO - [FileProcessing.get_file_list] start...
2023-01-05 21:52:36 - INFO - [FileProcessing.get_file_list] msg : total paths(txt)=0 
2023-01-05 21:52:36 - INFO - [FileProcessing.get_file_list] end.
2023-01-05 21:52:36 - WARNING - [FileProcessing.get_file_list] "/Users/hsienhuang/Desktop/python/toolbox_api/application/utils/FileProcessing.py", line 29, in file_transfer_with_frac: [TypeError] object of type 'NoneType' has no len()
2023-01-05 21:52:36 - INFO - [FileProcessing.get_file_list] end.
2023-01-05 21:52:52 - INFO - [FileProcessing.file_transfer_with_frac] start...
2023-01-05 21:52:52 - INFO - [FileProcessing.get_file_list] start...
2023-01-05 21:52:52 - INFO - [FileProcessing.get_file_list] msg : total paths(log)=1 
2023-01-05 21:52:52 - INFO - [FileProcessing.get_file_list] end.
2023-01-05 21:52:52 - WARNING - [FileProcessing.get_file_list] "/Users/hsienhuang/Desktop/python/toolbox_api/application/utils/FileProcessing.py", line 29, in file_transfer_with_frac: [TypeError] object of type 'NoneType' has no len()
2023-01-05 21:52:52 - INFO - [FileProcessing.get_file_list] end.
2023-01-05 21:53:12 - INFO - [FileProcessing.get_file_list] start...
2023-01-05 21:53:12 - INFO - [FileProcessing.get_file_list] msg : total paths(py)=1 
2023-01-05 21:53:12 - INFO - [FileProcessing.get_file_list] end.
2023-01-05 21:53:15 - INFO - [FileProcessing.file_transfer_with_frac] start...
2023-01-05 21:53:15 - INFO - [FileProcessing.get_file_list] start...
2023-01-05 21:53:15 - INFO - [FileProcessing.get_file_list] msg : total paths(log)=1 
2023-01-05 21:53:15 - INFO - [FileProcessing.get_file_list] end.
2023-01-05 21:53:15 - INFO - [FileProcessing.get_file_list] msg : ramdom smaple=0/0 
2023-01-05 21:53:15 - INFO - [FileProcessing.get_file_list] end.
2023-01-05 21:57:24 - INFO - [FileProcessing.get_file_list] start...
2023-01-05 21:57:24 - INFO - [FileProcessing.get_file_list] msg : total file(py)=1 
2023-01-05 21:57:24 - INFO - [FileProcessing.get_file_list] end.
2023-01-05 21:57:27 - INFO - [FileProcessing.file_transfer_with_frac] start...
2023-01-05 21:57:27 - INFO - [FileProcessing.get_file_list] start...
2023-01-05 21:57:27 - INFO - [FileProcessing.get_file_list] msg : total file(log)=1 
2023-01-05 21:57:27 - INFO - [FileProcessing.get_file_list] end.
2023-01-05 21:57:27 - INFO - [FileProcessing.get_file_list] msg : ['log/toolbox.log'] 
2023-01-05 21:57:27 - INFO - [FileProcessing.get_file_list] msg : ramdom smaple=1/1 
2023-01-05 21:57:27 - INFO - [FileProcessing.get_file_list] msg : completed=1/1 
2023-01-05 21:57:27 - INFO - [FileProcessing.get_file_list] msg : pass_cnt=1 
2023-01-05 21:57:27 - INFO - [FileProcessing.get_file_list] end.
2023-01-05 22:03:46 - INFO - [FileProcessing.file_transfer_with_frac] start...
2023-01-05 22:03:46 - WARNING - [FileProcessing.file_transfer_with_frac] "/Users/hsienhuang/Desktop/python/toolbox_api/application/utils/FileProcessing.py", line 28, in file_transfer_with_frac: [TypeError] object of type 'int' has no len()
2023-01-05 22:03:46 - INFO - [FileProcessing.file_transfer_with_frac] end.
2023-01-05 22:04:22 - INFO - [FileProcessing.file_transfer_with_frac] start...
2023-01-05 22:04:22 - INFO - [FileProcessing.file_transfer_with_frac] msg : total file(.log)=1 
2023-01-05 22:04:22 - INFO - [FileProcessing.file_transfer_with_frac] msg : ramdom smaple=1/1 
2023-01-05 22:04:22 - INFO - [FileProcessing.file_transfer_with_frac] msg : completed=1/1 
2023-01-05 22:04:22 - INFO - [FileProcessing.file_transfer_with_frac] msg : pass_cnt=1/0 
2023-01-05 22:04:22 - INFO - [FileProcessing.file_transfer_with_frac] end.
2023-01-05 22:09:56 - INFO - [FileProcessing.file_transfer_with_frac] start...
2023-01-05 22:09:56 - INFO - [FileProcessing.file_transfer_with_frac] msg : total file(.log)=1 
2023-01-05 22:09:56 - INFO - [FileProcessing.file_transfer_with_frac] msg : ramdom smaple=1/1 
2023-01-05 22:09:56 - INFO - [FileProcessing.file_transfer_with_frac] msg : completed=1/1 
2023-01-05 22:09:56 - INFO - [FileProcessing.file_transfer_with_frac] msg : pass_cnt=1/1 
2023-01-05 22:09:56 - INFO - [FileProcessing.file_transfer_with_frac] end.
2023-01-05 22:14:48 - INFO - [FileProcessing.file_transfer_with_frac] start...
2023-01-05 22:14:48 - INFO - [FileProcessing.file_transfer_with_frac] msg : total file(.log)=1 
2023-01-05 22:14:48 - INFO - [FileProcessing.file_transfer_with_frac] msg : ramdom smaple=1/1 
2023-01-05 22:14:48 - INFO - [FileProcessing.file_transfer_with_frac] msg : completed=1/1 
2023-01-05 22:14:48 - INFO - [FileProcessing.file_transfer_with_frac] msg : pass_cnt=1/1 
2023-01-05 22:14:48 - INFO - [FileProcessing.file_transfer_with_frac] end.
2023-01-05 22:16:15 - INFO - [FileProcessing.file_transfer_with_frac] start...
2023-01-05 22:16:15 - INFO - [FileProcessing.file_transfer_with_frac] msg : total file(.log)=1 
2023-01-05 22:16:15 - INFO - [FileProcessing.file_transfer_with_frac] msg : ramdom smaple=1/1 
2023-01-05 22:16:15 - INFO - [FileProcessing.file_transfer_with_frac] msg : completed=1/1 
2023-01-05 22:16:15 - INFO - [FileProcessing.file_transfer_with_frac] msg : pass_cnt=1/1 
2023-01-05 22:16:15 - INFO - [FileProcessing.file_transfer_with_frac] end.
2023-01-05 22:21:28 - INFO - [application.routers.file_operations] msg : client_host_ip=127.0.0.1 
2023-01-05 22:21:28 - INFO - [application.routers.file_operations] msg : args: source_path=log; target_path=log; extension=log; mode=copy; replace_dict={} 
2023-01-05 22:21:28 - INFO - [FileProcessing.file_transfer_with_frac] start...
2023-01-05 22:21:28 - INFO - [FileProcessing.file_transfer_with_frac] msg : total file(.log)=1 
2023-01-05 22:21:28 - INFO - [FileProcessing.file_transfer_with_frac] msg : ramdom smaple=1/1 
2023-01-05 22:21:28 - INFO - [FileProcessing.file_transfer_with_frac] msg : completed=1/1 
2023-01-05 22:21:28 - INFO - [FileProcessing.file_transfer_with_frac] msg : pass_cnt=1/1 
2023-01-05 22:21:28 - INFO - [FileProcessing.file_transfer_with_frac] end.
